\BOOKMARK [1][-]{section.0.1}{Groups}{}% 1
\BOOKMARK [2][-]{subsection.0.1.1}{Permutations}{section.0.1}% 2
\BOOKMARK [1][-]{section.0.2}{Rings, Ideals and Fields}{}% 3
\BOOKMARK [1][-]{section.0.3}{Linear algebra}{}% 4
\BOOKMARK [1][-]{section.0.4}{Functions}{}% 5
\BOOKMARK [1][-]{section.0.5}{Polynomial ring K[X]}{}% 6
\BOOKMARK [0][-]{chapter.1}{Generalities on algebraic extensions}{}% 7
\BOOKMARK [1][-]{section.1.1}{Field extensions: examples}{chapter.1}% 8
\BOOKMARK [2][-]{subsection.1.1.1}{K-algebra}{section.1.1}% 9
\BOOKMARK [2][-]{subsection.1.1.2}{Field extension}{section.1.1}% 10
\BOOKMARK [2][-]{subsection.1.1.3}{Field characteristic}{section.1.1}% 11
\BOOKMARK [2][-]{subsection.1.1.4}{Field K[X]/\(P\)}{section.1.1}% 12
\BOOKMARK [1][-]{section.1.2}{Algebraic elements. Minimal polynomial}{chapter.1}% 13
\BOOKMARK [2][-]{subsection.1.2.1}{K[X]/\(P\) field}{section.1.2}% 14
\BOOKMARK [2][-]{subsection.1.2.2}{Algebraic elements}{section.1.2}% 15
\BOOKMARK [2][-]{subsection.1.2.3}{Minimal polynomial}{section.1.2}% 16
\BOOKMARK [1][-]{section.1.3}{Algebraic elements. Algebraic extensions}{chapter.1}% 17
\BOOKMARK [1][-]{section.1.4}{Finite extensions. Algebraicity and finiteness}{chapter.1}% 18
\BOOKMARK [1][-]{section.1.5}{Algebraicity in towers. An example}{chapter.1}% 19
\BOOKMARK [1][-]{section.1.6}{A digression: Gauss lemma, Eisenstein criterion}{chapter.1}% 20
\BOOKMARK [0][-]{chapter.2}{Stem field, splitting field, algebraic closure}{}% 21
\BOOKMARK [1][-]{section.2.1}{Stem field. Some irreducibility criteria}{chapter.2}% 22
\BOOKMARK [2][-]{subsection.2.1.1}{Stem field}{section.2.1}% 23
\BOOKMARK [2][-]{subsection.2.1.2}{Some irreducibility criteria}{section.2.1}% 24
\BOOKMARK [1][-]{section.2.2}{Splitting field}{chapter.2}% 25
\BOOKMARK [1][-]{section.2.3}{An example. Algebraic closure}{chapter.2}% 26
\BOOKMARK [2][-]{subsection.2.3.1}{An example of automorphism}{section.2.3}% 27
\BOOKMARK [2][-]{subsection.2.3.2}{Algebraic closure}{section.2.3}% 28
\BOOKMARK [2][-]{subsection.2.3.3}{Ideals in a ring}{section.2.3}% 29
\BOOKMARK [1][-]{section.2.4}{Extension of homomorphisms. Uniqueness of algebraic closure}{chapter.2}% 30
\BOOKMARK [0][-]{chapter.3}{Finite fields. Separability, perfect fields}{}% 31
\BOOKMARK [1][-]{section.3.1}{An example \(of extension\)s. Finite fields}{chapter.3}% 32
\BOOKMARK [2][-]{subsection.3.1.1}{Finite fields}{section.3.1}% 33
\BOOKMARK [1][-]{section.3.2}{Properties of finite fields}{chapter.3}% 34
\BOOKMARK [1][-]{section.3.3}{Multiplicative group and automorphism group of a finite field}{chapter.3}% 35
\BOOKMARK [1][-]{section.3.4}{Separable elements}{chapter.3}% 36
\BOOKMARK [1][-]{section.3.5}{Separable degree, separable extensions}{chapter.3}% 37
\BOOKMARK [1][-]{section.3.6}{Perfect fields}{chapter.3}% 38
\BOOKMARK [0][-]{chapter.4}{Tensor product. Structure of finite K-algebras}{}% 39
\BOOKMARK [1][-]{section.4.1}{Definition of tensor product}{chapter.4}% 40
\BOOKMARK [1][-]{section.4.2}{Tensor product of modules}{chapter.4}% 41
\BOOKMARK [1][-]{section.4.3}{Base change}{chapter.4}% 42
\BOOKMARK [1][-]{section.4.4}{Examples. Tensor product of algebras}{chapter.4}% 43
\BOOKMARK [1][-]{section.4.5}{Relatively prime ideals. Chinese remainder theorem}{chapter.4}% 44
\BOOKMARK [1][-]{section.4.6}{Structure of finite algebras over a field. Examples}{chapter.4}% 45
